mode: set
andrew/leetcode/ParseLispExpression/main.go:10.13,12.2 0 0
andrew/leetcode/ParseLispExpression/main.go:14.38,16.31 2 1
andrew/leetcode/ParseLispExpression/main.go:19.2,20.33 2 1
andrew/leetcode/ParseLispExpression/main.go:16.31,18.3 1 1
andrew/leetcode/ParseLispExpression/main.go:23.59,24.9 1 1
andrew/leetcode/ParseLispExpression/main.go:36.2,36.63 1 0
andrew/leetcode/ParseLispExpression/main.go:25.62,26.30 1 1
andrew/leetcode/ParseLispExpression/main.go:27.39,28.29 1 1
andrew/leetcode/ParseLispExpression/main.go:29.41,30.30 1 1
andrew/leetcode/ParseLispExpression/main.go:31.42,32.31 1 1
andrew/leetcode/ParseLispExpression/main.go:33.41,34.30 1 1
andrew/leetcode/ParseLispExpression/main.go:39.39,41.20 2 1
andrew/leetcode/ParseLispExpression/main.go:45.2,45.48 1 1
andrew/leetcode/ParseLispExpression/main.go:49.2,49.21 1 1
andrew/leetcode/ParseLispExpression/main.go:41.20,44.3 2 1
andrew/leetcode/ParseLispExpression/main.go:45.48,48.3 2 1
andrew/leetcode/ParseLispExpression/main.go:52.49,54.16 2 1
andrew/leetcode/ParseLispExpression/main.go:57.2,58.41 2 1
andrew/leetcode/ParseLispExpression/main.go:54.16,55.13 1 0
andrew/leetcode/ParseLispExpression/main.go:60.53,66.2 5 1
andrew/leetcode/ParseLispExpression/main.go:67.55,68.15 1 1
andrew/leetcode/ParseLispExpression/main.go:71.2,75.74 5 1
andrew/leetcode/ParseLispExpression/main.go:68.15,70.3 1 1
andrew/leetcode/ParseLispExpression/main.go:77.50,82.20 5 1
andrew/leetcode/ParseLispExpression/main.go:100.2,100.57 1 1
andrew/leetcode/ParseLispExpression/main.go:82.20,83.33 1 1
andrew/leetcode/ParseLispExpression/main.go:89.3,91.21 3 1
andrew/leetcode/ParseLispExpression/main.go:95.3,98.24 4 1
andrew/leetcode/ParseLispExpression/main.go:83.33,87.9 4 1
andrew/leetcode/ParseLispExpression/main.go:91.21,93.9 2 1
andrew/leetcode/ParseLispExpression/main.go:103.47,105.77 2 1
andrew/leetcode/ParseLispExpression/main.go:109.2,110.18 2 1
andrew/leetcode/ParseLispExpression/main.go:113.2,113.24 1 1
andrew/leetcode/ParseLispExpression/main.go:105.77,108.3 2 1
andrew/leetcode/ParseLispExpression/main.go:110.18,111.50 1 0
andrew/leetcode/ParseLispExpression/main.go:119.27,121.2 1 1
andrew/leetcode/ParseLispExpression/main.go:122.33,124.22 2 1
andrew/leetcode/ParseLispExpression/main.go:127.2,127.10 1 1
andrew/leetcode/ParseLispExpression/main.go:124.22,126.3 1 1
andrew/leetcode/ParseLispExpression/main.go:136.35,138.2 1 1
andrew/leetcode/ParseLispExpression/main.go:150.39,152.34 2 1
andrew/leetcode/ParseLispExpression/main.go:155.2,155.37 1 1
andrew/leetcode/ParseLispExpression/main.go:152.34,154.3 1 1
andrew/leetcode/ParseLispExpression/main.go:163.39,165.2 1 1
andrew/leetcode/ParseLispExpression/main.go:172.40,174.2 1 1
andrew/leetcode/ParseLispExpression/main.go:178.34,180.2 1 1
