mode: set
andrew/leetcode/ParseLispExpression/main.go:10.13,12.2 0 0
andrew/leetcode/ParseLispExpression/main.go:14.38,16.31 2 1
andrew/leetcode/ParseLispExpression/main.go:19.2,20.33 2 1
andrew/leetcode/ParseLispExpression/main.go:16.31,18.3 1 1
andrew/leetcode/ParseLispExpression/main.go:23.59,24.9 1 1
andrew/leetcode/ParseLispExpression/main.go:36.2,36.63 1 0
andrew/leetcode/ParseLispExpression/main.go:25.62,26.30 1 1
andrew/leetcode/ParseLispExpression/main.go:27.39,28.29 1 1
andrew/leetcode/ParseLispExpression/main.go:29.41,30.30 1 1
andrew/leetcode/ParseLispExpression/main.go:31.42,32.31 1 1
andrew/leetcode/ParseLispExpression/main.go:33.41,34.30 1 1
andrew/leetcode/ParseLispExpression/main.go:39.39,41.20 2 1
andrew/leetcode/ParseLispExpression/main.go:45.2,45.48 1 1
andrew/leetcode/ParseLispExpression/main.go:49.2,49.21 1 1
andrew/leetcode/ParseLispExpression/main.go:41.20,44.3 2 1
andrew/leetcode/ParseLispExpression/main.go:45.48,48.3 2 1
andrew/leetcode/ParseLispExpression/main.go:52.49,54.16 2 1
andrew/leetcode/ParseLispExpression/main.go:57.2,58.41 2 1
andrew/leetcode/ParseLispExpression/main.go:54.16,55.13 1 0
andrew/leetcode/ParseLispExpression/main.go:60.53,66.2 5 1
andrew/leetcode/ParseLispExpression/main.go:67.55,73.2 5 1
andrew/leetcode/ParseLispExpression/main.go:74.50,79.20 5 1
andrew/leetcode/ParseLispExpression/main.go:97.2,97.57 1 1
andrew/leetcode/ParseLispExpression/main.go:79.20,80.33 1 1
andrew/leetcode/ParseLispExpression/main.go:86.3,88.21 3 1
andrew/leetcode/ParseLispExpression/main.go:92.3,95.24 4 1
andrew/leetcode/ParseLispExpression/main.go:80.33,84.9 4 1
andrew/leetcode/ParseLispExpression/main.go:88.21,90.9 2 1
andrew/leetcode/ParseLispExpression/main.go:100.47,102.77 2 1
andrew/leetcode/ParseLispExpression/main.go:106.2,107.18 2 1
andrew/leetcode/ParseLispExpression/main.go:110.2,110.24 1 1
andrew/leetcode/ParseLispExpression/main.go:102.77,105.3 2 1
andrew/leetcode/ParseLispExpression/main.go:107.18,108.50 1 0
andrew/leetcode/ParseLispExpression/main.go:116.27,118.2 1 1
andrew/leetcode/ParseLispExpression/main.go:119.33,121.22 2 1
andrew/leetcode/ParseLispExpression/main.go:124.2,124.10 1 1
andrew/leetcode/ParseLispExpression/main.go:121.22,123.3 1 1
andrew/leetcode/ParseLispExpression/main.go:133.35,135.2 1 1
andrew/leetcode/ParseLispExpression/main.go:147.39,149.34 2 1
andrew/leetcode/ParseLispExpression/main.go:152.2,152.37 1 1
andrew/leetcode/ParseLispExpression/main.go:149.34,151.3 1 1
andrew/leetcode/ParseLispExpression/main.go:160.39,162.2 1 1
andrew/leetcode/ParseLispExpression/main.go:169.40,171.2 1 1
andrew/leetcode/ParseLispExpression/main.go:175.34,177.2 1 1
